<?xml version="1.0" encoding="UTF-8"?>
<!-- Generated by org.testng.reporters.JUnitReportReporter -->
<testsuite skipped="0" hostname="harshit" name="com.test.TakeScreenshotActiTIME.TestActiTIMELogin" tests="1" failures="0" timestamp="02 Jun 2020 22:42:44 GMT" time="24.861" errors="0">
  <testcase name="login" time="24.861" classname="com.test.TakeScreenshotActiTIME.TestActiTIMELogin"/>
</testsuite> <!-- com.test.TakeScreenshotActiTIME.TestActiTIMELogin -->
